::1 - - [18/May/2023:07:20:56 +0000] "POST /api/v1/broadcast/filterBroadcastData HTTP/1.1" 404 176 "-" "PostmanRuntime/7.32.2"
::1 - - [18/May/2023:07:27:35 +0000] "POST /user/sign-in HTTP/1.1" 500 49 "-" "PostmanRuntime/7.32.2"
::1 - - [18/May/2023:07:40:12 +0000] "POST /user/sign-in HTTP/1.1" 500 49 "-" "PostmanRuntime/7.32.2"
::1 - - [18/May/2023:07:41:47 +0000] "POST /user/sign-in HTTP/1.1" 200 285 "-" "PostmanRuntime/7.32.2"
POST /user/sign-in 200 361.250 ms - 285- 45
POST /user/sign-in 200 333.236 ms - 285- - 45
POST /user/sign-in 200 664.226 ms - 285- "{\"userDetail\":{\"_id\":\"63ca20adacbcc21507b1f863\",\"name\":\"chetan\",\"contact\":8839597780,\"customerType\":\"Customer\",\"email\":\"chetan@gmail.com\",\"password\":\"$2a$10$mSD08VPan2HEbk4zTP.vv.v.YK0SjMgJJD80jTlPjCxk5Ti.nQdFK\",\"__v\":0,\"profileImage\":\"484d8c3ff3722ccff3d637b13865babf\"},\"status\":true}" 45
Thu, 18 May 2023 08:55:48 GMT POST /user/sign-in 200 382.395 ms - 285- "{\"userDetail\":{\"_id\":\"63ca20adacbcc21507b1f863\",\"name\":\"chetan\",\"contact\":8839597780,\"customerType\":\"Customer\",\"email\":\"chetan@gmail.com\",\"password\":\"$2a$10$mSD08VPan2HEbk4zTP.vv.v.YK0SjMgJJD80jTlPjCxk5Ti.nQdFK\",\"__v\":0,\"profileImage\":\"484d8c3ff3722ccff3d637b13865babf\"},\"status\":true}" 45
Thu, 18 May 2023 08:59:03 GMT POST /user/sign-in request-body= {"email":"chetan@gmail.com","password":"Chetan@23"} 200 359.069 ms - 285- response-body = "{\"userDetail\":{\"_id\":\"63ca20adacbcc21507b1f863\",\"name\":\"chetan\",\"contact\":8839597780,\"customerType\":\"Customer\",\"email\":\"chetan@gmail.com\",\"password\":\"$2a$10$mSD08VPan2HEbk4zTP.vv.v.YK0SjMgJJD80jTlPjCxk5Ti.nQdFK\",\"__v\":0,\"profileImage\":\"484d8c3ff3722ccff3d637b13865babf\"},\"status\":true}" -45
Thu, 18 May 2023 09:30:13 GMT POST /user/sign-in request-body= {"email":"chetan@gmail.com","password":"Chetan@23"} 200 639.195 ms - 285- response-body = "{\"userDetail\":{\"_id\":\"63ca20adacbcc21507b1f863\",\"name\":\"chetan\",\"contact\":8839597780,\"customerType\":\"Customer\",\"email\":\"chetan@gmail.com\",\"password\":\"$2a$10$mSD08VPan2HEbk4zTP.vv.v.YK0SjMgJJD80jTlPjCxk5Ti.nQdFK\",\"__v\":0,\"profileImage\":\"484d8c3ff3722ccff3d637b13865babf\"},\"status\":true}" -45
Thu, 18 May 2023 09:38:59 GMT POST /user/sign-in api-count - request-body= {"email":"chetan@gmail.com","password":"Chetan@23"} 200 357.274 ms - 285- response-body = "{\"userDetail\":{\"_id\":\"63ca20adacbcc21507b1f863\",\"name\":\"chetan\",\"contact\":8839597780,\"customerType\":\"Customer\",\"email\":\"chetan@gmail.com\",\"password\":\"$2a$10$mSD08VPan2HEbk4zTP.vv.v.YK0SjMgJJD80jTlPjCxk5Ti.nQdFK\",\"__v\":0,\"profileImage\":\"484d8c3ff3722ccff3d637b13865babf\"},\"status\":true}" -45
Thu, 18 May 2023 09:39:13 GMT POST /user/sign-in api-count - request-body= {"email":"chetan@gmail.com","password":"Chetan@23"} 200 278.990 ms - 285- response-body = "{\"userDetail\":{\"_id\":\"63ca20adacbcc21507b1f863\",\"name\":\"chetan\",\"contact\":8839597780,\"customerType\":\"Customer\",\"email\":\"chetan@gmail.com\",\"password\":\"$2a$10$mSD08VPan2HEbk4zTP.vv.v.YK0SjMgJJD80jTlPjCxk5Ti.nQdFK\",\"__v\":0,\"profileImage\":\"484d8c3ff3722ccff3d637b13865babf\"},\"status\":true}" -45
Thu, 18 May 2023 09:39:15 GMT POST /user/sign-in api-count - request-body= {"email":"chetan@gmail.com","password":"Chetan@23"} 200 227.200 ms - 285- response-body = "{\"userDetail\":{\"_id\":\"63ca20adacbcc21507b1f863\",\"name\":\"chetan\",\"contact\":8839597780,\"customerType\":\"Customer\",\"email\":\"chetan@gmail.com\",\"password\":\"$2a$10$mSD08VPan2HEbk4zTP.vv.v.YK0SjMgJJD80jTlPjCxk5Ti.nQdFK\",\"__v\":0,\"profileImage\":\"484d8c3ff3722ccff3d637b13865babf\"},\"status\":true}" -45
Thu, 18 May 2023 09:40:11 GMT POST /user/sign-in api-count - request-body= {"email":"chetan@gmail.com","password":"Chetan@23"} 200 374.955 ms - 285- response-body = "{\"userDetail\":{\"_id\":\"63ca20adacbcc21507b1f863\",\"name\":\"chetan\",\"contact\":8839597780,\"customerType\":\"Customer\",\"email\":\"chetan@gmail.com\",\"password\":\"$2a$10$mSD08VPan2HEbk4zTP.vv.v.YK0SjMgJJD80jTlPjCxk5Ti.nQdFK\",\"__v\":0,\"profileImage\":\"484d8c3ff3722ccff3d637b13865babf\"},\"status\":true}" -45
Thu, 18 May 2023 09:40:22 GMT POST /user/sign-in api-count - request-body= {"email":"chetan@gmail.com","password":"Chetan@23"} 200 245.161 ms - 285- response-body = "{\"userDetail\":{\"_id\":\"63ca20adacbcc21507b1f863\",\"name\":\"chetan\",\"contact\":8839597780,\"customerType\":\"Customer\",\"email\":\"chetan@gmail.com\",\"password\":\"$2a$10$mSD08VPan2HEbk4zTP.vv.v.YK0SjMgJJD80jTlPjCxk5Ti.nQdFK\",\"__v\":0,\"profileImage\":\"484d8c3ff3722ccff3d637b13865babf\"},\"status\":true}" -45
Thu, 18 May 2023 09:41:37 GMT POST /user/sign-in api-count - request-body= {"email":"chetan@gmail.com","password":"Chetan@23"} 200 326.604 ms - 285- response-body = "{\"userDetail\":{\"_id\":\"63ca20adacbcc21507b1f863\",\"name\":\"chetan\",\"contact\":8839597780,\"customerType\":\"Customer\",\"email\":\"chetan@gmail.com\",\"password\":\"$2a$10$mSD08VPan2HEbk4zTP.vv.v.YK0SjMgJJD80jTlPjCxk5Ti.nQdFK\",\"__v\":0,\"profileImage\":\"484d8c3ff3722ccff3d637b13865babf\"},\"status\":true}" -45
Thu, 18 May 2023 09:41:53 GMT POST /user/sign-in api-count - request-body= {"email":"chetan@gmail.com","password":"Chetan@23"} 200 306.281 ms - 285- response-body = "{\"userDetail\":{\"_id\":\"63ca20adacbcc21507b1f863\",\"name\":\"chetan\",\"contact\":8839597780,\"customerType\":\"Customer\",\"email\":\"chetan@gmail.com\",\"password\":\"$2a$10$mSD08VPan2HEbk4zTP.vv.v.YK0SjMgJJD80jTlPjCxk5Ti.nQdFK\",\"__v\":0,\"profileImage\":\"484d8c3ff3722ccff3d637b13865babf\"},\"status\":true}" -45
Thu, 18 May 2023 09:41:57 GMT POST /user/sign-in api-count - request-body= {"email":"chetan@gmail.com","password":"Chetan@23"} 200 170.035 ms - 285- response-body = "{\"userDetail\":{\"_id\":\"63ca20adacbcc21507b1f863\",\"name\":\"chetan\",\"contact\":8839597780,\"customerType\":\"Customer\",\"email\":\"chetan@gmail.com\",\"password\":\"$2a$10$mSD08VPan2HEbk4zTP.vv.v.YK0SjMgJJD80jTlPjCxk5Ti.nQdFK\",\"__v\":0,\"profileImage\":\"484d8c3ff3722ccff3d637b13865babf\"},\"status\":true}" -45
Thu, 18 May 2023 09:42:26 GMT POST /user/sign-in api-count - request-body= {"email":"chetan@gmail.com","password":"Chetan@23"} 200 423.184 ms - 285- response-body = "{\"userDetail\":{\"_id\":\"63ca20adacbcc21507b1f863\",\"name\":\"chetan\",\"contact\":8839597780,\"customerType\":\"Customer\",\"email\":\"chetan@gmail.com\",\"password\":\"$2a$10$mSD08VPan2HEbk4zTP.vv.v.YK0SjMgJJD80jTlPjCxk5Ti.nQdFK\",\"__v\":0,\"profileImage\":\"484d8c3ff3722ccff3d637b13865babf\"},\"status\":true}" -45
Thu, 18 May 2023 09:42:31 GMT POST /user/sign-in api-count - request-body= {"email":"chetan@gmail.com","password":"Chetan@23"} 200 226.080 ms - 285- response-body = "{\"userDetail\":{\"_id\":\"63ca20adacbcc21507b1f863\",\"name\":\"chetan\",\"contact\":8839597780,\"customerType\":\"Customer\",\"email\":\"chetan@gmail.com\",\"password\":\"$2a$10$mSD08VPan2HEbk4zTP.vv.v.YK0SjMgJJD80jTlPjCxk5Ti.nQdFK\",\"__v\":0,\"profileImage\":\"484d8c3ff3722ccff3d637b13865babf\"},\"status\":true}" -45
Thu, 18 May 2023 09:42:32 GMT POST /user/sign-in api-count - request-body= {"email":"chetan@gmail.com","password":"Chetan@23"} 200 176.820 ms - 285- response-body = "{\"userDetail\":{\"_id\":\"63ca20adacbcc21507b1f863\",\"name\":\"chetan\",\"contact\":8839597780,\"customerType\":\"Customer\",\"email\":\"chetan@gmail.com\",\"password\":\"$2a$10$mSD08VPan2HEbk4zTP.vv.v.YK0SjMgJJD80jTlPjCxk5Ti.nQdFK\",\"__v\":0,\"profileImage\":\"484d8c3ff3722ccff3d637b13865babf\"},\"status\":true}" -45
Thu, 18 May 2023 09:42:51 GMT POST /user/sign-in api-count - request-body= {"email":"chetan@gmail.com","password":"Chetan@23"} 200 180.281 ms - 285- response-body = "{\"userDetail\":{\"_id\":\"63ca20adacbcc21507b1f863\",\"name\":\"chetan\",\"contact\":8839597780,\"customerType\":\"Customer\",\"email\":\"chetan@gmail.com\",\"password\":\"$2a$10$mSD08VPan2HEbk4zTP.vv.v.YK0SjMgJJD80jTlPjCxk5Ti.nQdFK\",\"__v\":0,\"profileImage\":\"484d8c3ff3722ccff3d637b13865babf\"},\"status\":true}" -45
Thu, 18 May 2023 09:44:20 GMT POST /user/sign-in api-count - request-body= {"email":"chetan@gmail.com","password":"Chetan@23"} 200 325.614 ms - 285- response-body = "{\"userDetail\":{\"_id\":\"63ca20adacbcc21507b1f863\",\"name\":\"chetan\",\"contact\":8839597780,\"customerType\":\"Customer\",\"email\":\"chetan@gmail.com\",\"password\":\"$2a$10$mSD08VPan2HEbk4zTP.vv.v.YK0SjMgJJD80jTlPjCxk5Ti.nQdFK\",\"__v\":0,\"profileImage\":\"484d8c3ff3722ccff3d637b13865babf\"},\"status\":true}" -45
Thu, 18 May 2023 09:45:18 GMT POST /user/sign-in api-count - request-body= {"email":"chetan@gmail.com","password":"Chetan@23"} 200 382.052 ms - 285- response-body = "{\"userDetail\":{\"_id\":\"63ca20adacbcc21507b1f863\",\"name\":\"chetan\",\"contact\":8839597780,\"customerType\":\"Customer\",\"email\":\"chetan@gmail.com\",\"password\":\"$2a$10$mSD08VPan2HEbk4zTP.vv.v.YK0SjMgJJD80jTlPjCxk5Ti.nQdFK\",\"__v\":0,\"profileImage\":\"484d8c3ff3722ccff3d637b13865babf\"},\"status\":true}" -45
Thu, 18 May 2023 09:47:52 GMT POST /user/sign-in api-count - request-body= {"email":"chetan@gmail.com","password":"Chetan@23"} 200 436.233 ms - 285- response-body = "{\"userDetail\":{\"_id\":\"63ca20adacbcc21507b1f863\",\"name\":\"chetan\",\"contact\":8839597780,\"customerType\":\"Customer\",\"email\":\"chetan@gmail.com\",\"password\":\"$2a$10$mSD08VPan2HEbk4zTP.vv.v.YK0SjMgJJD80jTlPjCxk5Ti.nQdFK\",\"__v\":0,\"profileImage\":\"484d8c3ff3722ccff3d637b13865babf\"},\"status\":true}" -45
Thu, 18 May 2023 09:48:08 GMT POST /user/sign-in api-count - request-body= {"email":"chetan@gmail.com","password":"Chetan@23"} 200 444.558 ms - 285- response-body = "{\"userDetail\":{\"_id\":\"63ca20adacbcc21507b1f863\",\"name\":\"chetan\",\"contact\":8839597780,\"customerType\":\"Customer\",\"email\":\"chetan@gmail.com\",\"password\":\"$2a$10$mSD08VPan2HEbk4zTP.vv.v.YK0SjMgJJD80jTlPjCxk5Ti.nQdFK\",\"__v\":0,\"profileImage\":\"484d8c3ff3722ccff3d637b13865babf\"},\"status\":true}" -45
Thu, 18 May 2023 09:51:13 GMT POST /user/sign-in api-count - request-body= {"email":"chetan@gmail.com","password":"Chetan@23"} 200 324.675 ms - 285- response-body = "{\"userDetail\":{\"_id\":\"63ca20adacbcc21507b1f863\",\"name\":\"chetan\",\"contact\":8839597780,\"customerType\":\"Customer\",\"email\":\"chetan@gmail.com\",\"password\":\"$2a$10$mSD08VPan2HEbk4zTP.vv.v.YK0SjMgJJD80jTlPjCxk5Ti.nQdFK\",\"__v\":0,\"profileImage\":\"484d8c3ff3722ccff3d637b13865babf\"},\"status\":true}" -45
Thu, 18 May 2023 09:52:10 GMT POST /user/sign-in api-count - request-body= {"email":"chetan@gmail.com","password":"Chetan@23"} 200 247.047 ms - 285- response-body = "{\"userDetail\":{\"_id\":\"63ca20adacbcc21507b1f863\",\"name\":\"chetan\",\"contact\":8839597780,\"customerType\":\"Customer\",\"email\":\"chetan@gmail.com\",\"password\":\"$2a$10$mSD08VPan2HEbk4zTP.vv.v.YK0SjMgJJD80jTlPjCxk5Ti.nQdFK\",\"__v\":0,\"profileImage\":\"484d8c3ff3722ccff3d637b13865babf\"},\"status\":true}" -45
Thu, 18 May 2023 09:52:31 GMT POST /user/sign-in api-count - request-body= {"email":"chetan@gmail.com","password":"Chetan@23"} 200 269.488 ms - 285- response-body = "{\"userDetail\":{\"_id\":\"63ca20adacbcc21507b1f863\",\"name\":\"chetan\",\"contact\":8839597780,\"customerType\":\"Customer\",\"email\":\"chetan@gmail.com\",\"password\":\"$2a$10$mSD08VPan2HEbk4zTP.vv.v.YK0SjMgJJD80jTlPjCxk5Ti.nQdFK\",\"__v\":0,\"profileImage\":\"484d8c3ff3722ccff3d637b13865babf\"},\"status\":true}" -45
Thu, 18 May 2023 09:53:00 GMT POST /user/sign-in api-count 1 request-body= {"email":"chetan@gmail.com","password":"Chetan@23"} 200 407.453 ms - 285- response-body = "{\"userDetail\":{\"_id\":\"63ca20adacbcc21507b1f863\",\"name\":\"chetan\",\"contact\":8839597780,\"customerType\":\"Customer\",\"email\":\"chetan@gmail.com\",\"password\":\"$2a$10$mSD08VPan2HEbk4zTP.vv.v.YK0SjMgJJD80jTlPjCxk5Ti.nQdFK\",\"__v\":0,\"profileImage\":\"484d8c3ff3722ccff3d637b13865babf\"},\"status\":true}" -45
Thu, 18 May 2023 09:53:11 GMT POST /user/sign-in api-count 2 request-body= {"email":"chetan@gmail.com","password":"Chetan@23"} 200 212.100 ms - 285- response-body = "{\"userDetail\":{\"_id\":\"63ca20adacbcc21507b1f863\",\"name\":\"chetan\",\"contact\":8839597780,\"customerType\":\"Customer\",\"email\":\"chetan@gmail.com\",\"password\":\"$2a$10$mSD08VPan2HEbk4zTP.vv.v.YK0SjMgJJD80jTlPjCxk5Ti.nQdFK\",\"__v\":0,\"profileImage\":\"484d8c3ff3722ccff3d637b13865babf\"},\"status\":true}" -45
Thu, 18 May 2023 09:53:24 GMT POST /user/sign-up api-count 1 request-body= {"email":"chetan@gmail.com","password":"Chetan@23"} 500 298.604 ms - 49- response-body = "{\"message\":\"something went wrong\",\"status\":false}" -45
Thu, 18 May 2023 09:53:38 GMT POST /user/sign-in api-count 3 request-body= {"email":"chetan@gmail.com","password":"Chetan@23"} 200 228.075 ms - 285- response-body = "{\"userDetail\":{\"_id\":\"63ca20adacbcc21507b1f863\",\"name\":\"chetan\",\"contact\":8839597780,\"customerType\":\"Customer\",\"email\":\"chetan@gmail.com\",\"password\":\"$2a$10$mSD08VPan2HEbk4zTP.vv.v.YK0SjMgJJD80jTlPjCxk5Ti.nQdFK\",\"__v\":0,\"profileImage\":\"484d8c3ff3722ccff3d637b13865babf\"},\"status\":true}" -45
Mon, 10 Jun 2024 08:58:34 GMT GET /images/hero_bg_2.jpg api-count 1 request-body= {} 404 5.099 ms - 159- response-body = - --
Mon, 10 Jun 2024 08:58:34 GMT GET /images/hero_bg_4.jpg api-count 1 request-body= {} 404 1.329 ms - 159- response-body = - --
Mon, 10 Jun 2024 08:58:34 GMT GET /images/img_3.jpg api-count 1 request-body= {} 404 0.886 ms - 155- response-body = - --
Mon, 10 Jun 2024 08:58:34 GMT GET /images/person_1.jpg api-count 1 request-body= {} 404 1.065 ms - 158- response-body = - --
Mon, 10 Jun 2024 08:58:34 GMT GET /images/person_2.jpg api-count 1 request-body= {} 404 0.750 ms - 158- response-body = - --
Mon, 10 Jun 2024 08:58:34 GMT GET /images/person_4.jpg api-count 1 request-body= {} 404 0.910 ms - 158- response-body = - --
Mon, 10 Jun 2024 08:58:34 GMT GET /images/person_5.jpg api-count 1 request-body= {} 404 0.884 ms - 158- response-body = - --
Mon, 10 Jun 2024 08:58:42 GMT GET /images/hero_bg_2.jpg api-count 2 request-body= {} 404 0.715 ms - 159- response-body = - --
Mon, 10 Jun 2024 08:58:42 GMT GET /images/hero_bg_4.jpg api-count 2 request-body= {} 404 1.139 ms - 159- response-body = - --
Mon, 10 Jun 2024 08:58:42 GMT GET /images/img_3.jpg api-count 2 request-body= {} 404 1.397 ms - 155- response-body = - --
Mon, 10 Jun 2024 08:58:42 GMT GET /images/person_1.jpg api-count 2 request-body= {} 404 0.571 ms - 158- response-body = - --
Mon, 10 Jun 2024 08:58:42 GMT GET /images/person_2.jpg api-count 2 request-body= {} 404 0.653 ms - 158- response-body = - --
Mon, 10 Jun 2024 08:58:42 GMT GET /images/person_4.jpg api-count 2 request-body= {} 404 0.739 ms - 158- response-body = - --
Mon, 10 Jun 2024 08:58:42 GMT GET /images/person_5.jpg api-count 2 request-body= {} 404 0.571 ms - 158- response-body = - --
Mon, 10 Jun 2024 08:59:20 GMT GET /images/img_4.jpg api-count 1 request-body= {} 404 1.167 ms - 155- response-body = - --
Mon, 10 Jun 2024 08:59:26 GMT GET /images/hero_bg_4.jpg api-count 3 request-body= {} 404 0.749 ms - 159- response-body = - --
Mon, 10 Jun 2024 08:59:26 GMT GET /images/hero_bg_2.jpg api-count 3 request-body= {} 404 1.073 ms - 159- response-body = - --
Mon, 10 Jun 2024 08:59:26 GMT GET /images/img_3.jpg api-count 3 request-body= {} 404 1.343 ms - 155- response-body = - --
Mon, 10 Jun 2024 08:59:26 GMT GET /images/person_1.jpg api-count 3 request-body= {} 404 0.583 ms - 158- response-body = - --
Mon, 10 Jun 2024 08:59:26 GMT GET /images/person_2.jpg api-count 3 request-body= {} 404 0.680 ms - 158- response-body = - --
Mon, 10 Jun 2024 08:59:26 GMT GET /images/person_4.jpg api-count 3 request-body= {} 404 0.754 ms - 158- response-body = - --
Mon, 10 Jun 2024 08:59:26 GMT GET /images/person_5.jpg api-count 3 request-body= {} 404 0.544 ms - 158- response-body = - --
Mon, 10 Jun 2024 08:59:28 GMT GET /images/img_4.jpg api-count 2 request-body= {} 404 1.225 ms - 155- response-body = - --
Mon, 10 Jun 2024 09:01:45 GMT POST /user/sign-up api-count 1 request-body= {} 500 166.722 ms - 49- response-body = "{\"message\":\"something went wrong\",\"status\":false}" -2
Mon, 10 Jun 2024 09:03:32 GMT POST /user/sign-up api-count 2 request-body= {"name":"chetan","contact":"8839597780","customerType":"Customer","email":"example@gmail.com","password":"123456"} 200 253.843 ms - 232- response-body = "{\"result\":{\"name\":\"chetan\",\"contact\":8839597780,\"customerType\":\"Customer\",\"email\":\"example@gmail.com\",\"password\":\"$2a$10$0KdruKlUQit9kLIsrX8XhubPa5m4UByU3y097wbI0dOhRMnqn/dWW\",\"_id\":\"6666c164987ea86e62b2c72e\",\"__v\":0},\"status\":true}" -114
Mon, 10 Jun 2024 09:04:03 GMT POST /user/sign-in api-count 1 request-body= {"email":"example@gmail.com","password":"123456"} 200 467.466 ms - 236- response-body = "{\"userDetail\":{\"_id\":\"6666c164987ea86e62b2c72e\",\"name\":\"chetan\",\"contact\":8839597780,\"customerType\":\"Customer\",\"email\":\"example@gmail.com\",\"password\":\"$2a$10$0KdruKlUQit9kLIsrX8XhubPa5m4UByU3y097wbI0dOhRMnqn/dWW\",\"__v\":0},\"status\":true}" -49
Mon, 10 Jun 2024 09:04:10 GMT GET /booking/complete-orders/6666c164987ea86e62b2c72e api-count 1 request-body= {} 200 379.834 ms - 27- response-body = "{\"status\":true,\"result\":[]}" --
Mon, 10 Jun 2024 09:04:11 GMT POST /booking/order-status api-count 1 request-body= {"id":"6666c164987ea86e62b2c72e"} 201 77.377 ms - 31- response-body = "{\"bookings\":null,\"status\":true}" -33
